[debug] [2026-07-07T14:54:25.601Z] ----------------------------------------------------------------------
[debug] [2026-07-07T14:54:25.608Z] Command:       /Users/glyn/.nvm/versions/node/v22.22.3/bin/node /Users/glyn/.nvm/versions/node/v22.22.3/bin/firebase deploy --only functions --project shed-3fc03
[debug] [2026-07-07T14:54:25.608Z] CLI Version:   15.22.4
[debug] [2026-07-07T14:54:25.608Z] Platform:      darwin
[debug] [2026-07-07T14:54:25.608Z] Node Version:  v22.22.3
[debug] [2026-07-07T14:54:25.609Z] Detected Agent: unknown
[debug] [2026-07-07T14:54:25.609Z] Time:          Tue Jul 07 2026 16:54:25 GMT+0200 (Central European Summer Time)
[debug] [2026-07-07T14:54:25.609Z] ----------------------------------------------------------------------
[debug] 
[debug] [2026-07-07T14:54:26.483Z] > command requires scopes: ["email","openid","https://www.googleapis.com/auth/cloudplatformprojects.readonly","https://www.googleapis.com/auth/firebase","https://www.googleapis.com/auth/cloud-platform"]
[debug] [2026-07-07T14:54:26.483Z] > authorizing via signed-in user (glyn.mercieca@gmail.com)
[debug] [2026-07-07T14:54:26.483Z] [iam] checking project shed-3fc03 for permissions ["cloudfunctions.functions.create","cloudfunctions.functions.delete","cloudfunctions.functions.get","cloudfunctions.functions.list","cloudfunctions.functions.update","cloudfunctions.operations.get","firebase.projects.get"]
[debug] [2026-07-07T14:54:26.484Z] Checked if tokens are valid: false, expires at: 1783436196792
[debug] [2026-07-07T14:54:26.484Z] Checked if tokens are valid: false, expires at: 1783436196792
[debug] [2026-07-07T14:54:26.484Z] > refreshing access token with scopes: []
[debug] [2026-07-07T14:54:26.486Z] >>> [apiv2][query] POST https://www.googleapis.com/oauth2/v3/token [none]
[debug] [2026-07-07T14:54:26.486Z] >>> [apiv2][body] POST https://www.googleapis.com/oauth2/v3/token [omitted]
[debug] [2026-07-07T14:54:26.926Z] <<< [apiv2][status] POST https://www.googleapis.com/oauth2/v3/token 200
[debug] [2026-07-07T14:54:26.926Z] <<< [apiv2][body] POST https://www.googleapis.com/oauth2/v3/token [omitted]
[debug] [2026-07-07T14:54:26.943Z] >>> [apiv2][query] POST https://cloudresourcemanager.googleapis.com/v1/projects/shed-3fc03:testIamPermissions [none]
[debug] [2026-07-07T14:54:26.943Z] >>> [apiv2][(partial)header] POST https://cloudresourcemanager.googleapis.com/v1/projects/shed-3fc03:testIamPermissions  x-goog-user-project=shed-3fc03
[debug] [2026-07-07T14:54:26.943Z] >>> [apiv2][body] POST https://cloudresourcemanager.googleapis.com/v1/projects/shed-3fc03:testIamPermissions {"permissions":["cloudfunctions.functions.create","cloudfunctions.functions.delete","cloudfunctions.functions.get","cloudfunctions.functions.list","cloudfunctions.functions.update","cloudfunctions.operations.get","firebase.projects.get"]}
[debug] [2026-07-07T14:54:27.913Z] <<< [apiv2][status] POST https://cloudresourcemanager.googleapis.com/v1/projects/shed-3fc03:testIamPermissions 200
[debug] [2026-07-07T14:54:27.913Z] <<< [apiv2][body] POST https://cloudresourcemanager.googleapis.com/v1/projects/shed-3fc03:testIamPermissions {"permissions":["cloudfunctions.functions.create","cloudfunctions.functions.delete","cloudfunctions.functions.get","cloudfunctions.functions.list","cloudfunctions.functions.update","cloudfunctions.operations.get","firebase.projects.get"]}
[debug] [2026-07-07T14:54:27.914Z] Checked if tokens are valid: true, expires at: 1783439665926
[debug] [2026-07-07T14:54:27.914Z] Checked if tokens are valid: true, expires at: 1783439665926
[debug] [2026-07-07T14:54:27.914Z] >>> [apiv2][query] POST https://iam.googleapis.com/v1/projects/shed-3fc03/serviceAccounts/shed-3fc03@appspot.gserviceaccount.com:testIamPermissions [none]
[debug] [2026-07-07T14:54:27.914Z] >>> [apiv2][body] POST https://iam.googleapis.com/v1/projects/shed-3fc03/serviceAccounts/shed-3fc03@appspot.gserviceaccount.com:testIamPermissions {"permissions":["iam.serviceAccounts.actAs"]}
[debug] [2026-07-07T14:54:28.823Z] <<< [apiv2][status] POST https://iam.googleapis.com/v1/projects/shed-3fc03/serviceAccounts/shed-3fc03@appspot.gserviceaccount.com:testIamPermissions 200
[debug] [2026-07-07T14:54:28.823Z] <<< [apiv2][body] POST https://iam.googleapis.com/v1/projects/shed-3fc03/serviceAccounts/shed-3fc03@appspot.gserviceaccount.com:testIamPermissions {"permissions":["iam.serviceAccounts.actAs"]}
[info] 
[info] === Deploying to 'shed-3fc03'...
[info] 
[info] i  deploying functions 
[debug] [2026-07-07T14:54:28.835Z] Checked if tokens are valid: true, expires at: 1783439665926
[debug] [2026-07-07T14:54:28.835Z] Checked if tokens are valid: true, expires at: 1783439665926
[debug] [2026-07-07T14:54:28.835Z] >>> [apiv2][query] GET https://cloudresourcemanager.googleapis.com/v1/projects/shed-3fc03 [none]
[debug] [2026-07-07T14:54:29.065Z] <<< [apiv2][status] GET https://cloudresourcemanager.googleapis.com/v1/projects/shed-3fc03 200
[debug] [2026-07-07T14:54:29.065Z] <<< [apiv2][body] GET https://cloudresourcemanager.googleapis.com/v1/projects/shed-3fc03 {"projectNumber":"391381086192","projectId":"shed-3fc03","lifecycleState":"ACTIVE","name":"Shed","labels":{"firebase":"enabled","firebase-core":"disabled"},"createTime":"2026-07-06T06:41:41.025Z"}
[info] i  functions: preparing codebase default for deployment 
[info] i  functions: ensuring required API cloudfunctions.googleapis.com is enabled... 
[info] i  functions: ensuring required API cloudbuild.googleapis.com is enabled... 
[info] i  artifactregistry: ensuring required API artifactregistry.googleapis.com is enabled... 
[debug] [2026-07-07T14:54:29.067Z] Checked if tokens are valid: true, expires at: 1783439665926
[debug] [2026-07-07T14:54:29.067Z] Checked if tokens are valid: true, expires at: 1783439665926
[debug] [2026-07-07T14:54:29.068Z] >>> [apiv2][query] GET https://firebase.googleapis.com/v1beta1/projects/shed-3fc03/adminSdkConfig [none]
[debug] [2026-07-07T14:54:30.105Z] <<< [apiv2][status] GET https://firebase.googleapis.com/v1beta1/projects/shed-3fc03/adminSdkConfig 200
[debug] [2026-07-07T14:54:30.106Z] <<< [apiv2][body] GET https://firebase.googleapis.com/v1beta1/projects/shed-3fc03/adminSdkConfig {"projectId":"shed-3fc03","storageBucket":"shed-3fc03.firebasestorage.app"}
[debug] [2026-07-07T14:54:30.106Z] Checked if tokens are valid: true, expires at: 1783439665926
[debug] [2026-07-07T14:54:30.106Z] Checked if tokens are valid: true, expires at: 1783439665926
[debug] [2026-07-07T14:54:30.106Z] >>> [apiv2][query] GET https://runtimeconfig.googleapis.com/v1beta1/projects/shed-3fc03/configs [none]
[debug] [2026-07-07T14:54:30.637Z] <<< [apiv2][status] GET https://runtimeconfig.googleapis.com/v1beta1/projects/shed-3fc03/configs 200
[debug] [2026-07-07T14:54:30.637Z] <<< [apiv2][body] GET https://runtimeconfig.googleapis.com/v1beta1/projects/shed-3fc03/configs {}
[debug] [2026-07-07T14:54:30.639Z] Validating nodejs source
[warn] ⚠  functions: Runtime Node.js 20 was deprecated on 2026-04-30 and will be decommissioned on 2026-10-30, after which you will not be able to deploy without upgrading. Consider upgrading now to avoid disruption. See https://cloud.google.com/functions/docs/runtime-support for full details on the lifecycle policy 
[warn] ⚠  functions: package.json indicates an outdated version of firebase-functions. Please upgrade using npm install --save firebase-functions@latest in your functions directory. 
[warn] ⚠  functions: Please note that there will be breaking changes when you upgrade. 
[debug] [2026-07-07T14:54:31.395Z] > [functions] package.json contents: {
  "name": "lilies-shed-functions",
  "private": true,
  "main": "index.js",
  "scripts": {
    "migrate:tool-images": "node scripts/migrate-tool-images.js"
  },
  "engines": {
    "node": "20"
  },
  "dependencies": {
    "firebase-admin": "^13.5.0",
    "firebase-functions": "^6.5.0"
  }
}
[debug] [2026-07-07T14:54:31.395Z] Building nodejs source
[info] i  functions: Loading and analyzing source code for codebase default to determine what to deploy 
[debug] [2026-07-07T14:54:31.396Z] Could not find functions.yaml. Must use http discovery
[debug] [2026-07-07T14:54:31.401Z] Found firebase-functions binary at '/Users/glyn/Git/lilies-shed/functions/node_modules/.bin/firebase-functions'
[info] Serving at port 8632

[debug] [2026-07-07T14:54:31.649Z] Got response from /__/functions.yaml {"endpoints":{"notifyOwnerOnBorrow":{"availableMemoryMb":null,"timeoutSeconds":null,"minInstances":null,"maxInstances":null,"ingressSettings":null,"concurrency":null,"serviceAccountEmail":null,"vpc":null,"platform":"gcfv2","region":["europe-west1"],"labels":{},"eventTrigger":{"eventType":"google.cloud.firestore.document.v1.created","eventFilters":{"database":"(default)","namespace":"(default)"},"eventFilterPathPatterns":{"document":"loan/{loanId}"},"retry":false},"entryPoint":"notifyOwnerOnBorrow"},"notifyOwnerOnReturn":{"availableMemoryMb":null,"timeoutSeconds":null,"minInstances":null,"maxInstances":null,"ingressSettings":null,"concurrency":null,"serviceAccountEmail":null,"vpc":null,"platform":"gcfv2","region":["europe-west1"],"labels":{},"eventTrigger":{"eventType":"google.cloud.firestore.document.v1.updated","eventFilters":{"database":"(default)","namespace":"(default)"},"eventFilterPathPatterns":{"document":"loan/{loanId}"},"retry":false},"entryPoint":"notifyOwnerOnReturn"},"notifyUsersOnToolRequest":{"availableMemoryMb":null,"timeoutSeconds":null,"minInstances":null,"maxInstances":null,"ingressSettings":null,"concurrency":null,"serviceAccountEmail":null,"vpc":null,"platform":"gcfv2","region":["europe-west1"],"labels":{},"eventTrigger":{"eventType":"google.cloud.firestore.document.v1.created","eventFilters":{"database":"(default)","namespace":"(default)"},"eventFilterPathPatterns":{"document":"requests/{requestId}"},"retry":false},"entryPoint":"notifyUsersOnToolRequest"}},"specVersion":"v1alpha1","requiredAPIs":[],"extensions":{}}
[debug] [2026-07-07T14:54:35.674Z] Checked if tokens are valid: true, expires at: 1783439665926
[debug] [2026-07-07T14:54:35.674Z] Checked if tokens are valid: true, expires at: 1783439665926
[debug] [2026-07-07T14:54:35.674Z] >>> [apiv2][query] GET https://cloudfunctions.googleapis.com/v1/projects/shed-3fc03/locations/-/functions [none]
[debug] [2026-07-07T14:54:36.620Z] <<< [apiv2][status] GET https://cloudfunctions.googleapis.com/v1/projects/shed-3fc03/locations/-/functions 200
[debug] [2026-07-07T14:54:36.620Z] <<< [apiv2][body] GET https://cloudfunctions.googleapis.com/v1/projects/shed-3fc03/locations/-/functions {}
[debug] [2026-07-07T14:54:36.621Z] Checked if tokens are valid: true, expires at: 1783439665926
[debug] [2026-07-07T14:54:36.621Z] Checked if tokens are valid: true, expires at: 1783439665926
[debug] [2026-07-07T14:54:36.621Z] >>> [apiv2][query] GET https://cloudfunctions.googleapis.com/v2/projects/shed-3fc03/locations/-/functions filter=environment%3D%22GEN_2%22
[debug] [2026-07-07T14:54:37.657Z] <<< [apiv2][status] GET https://cloudfunctions.googleapis.com/v2/projects/shed-3fc03/locations/-/functions 200
[debug] [2026-07-07T14:54:37.657Z] <<< [apiv2][body] GET https://cloudfunctions.googleapis.com/v2/projects/shed-3fc03/locations/-/functions {"functions":[{"name":"projects/shed-3fc03/locations/europe-west1/functions/notifyUsersOnToolRequest","buildConfig":{"build":"projects/391381086192/locations/europe-west1/builds/8dd126fa-14f9-49aa-866f-1bc5638174f0","runtime":"nodejs20","entryPoint":"notifyUsersOnToolRequest","source":{"storageSource":{"bucket":"gcf-v2-sources-391381086192-europe-west1","object":"notifyUsersOnToolRequest/function-source.zip","generation":"1783432654321333"}},"environmentVariables":{"GOOGLE_NODE_RUN_SCRIPTS":""},"dockerRepository":"projects/shed-3fc03/locations/europe-west1/repositories/gcf-artifacts","sourceProvenance":{"resolvedStorageSource":{"bucket":"gcf-v2-sources-391381086192-europe-west1","object":"notifyUsersOnToolRequest/function-source.zip","generation":"1783432654321333"}},"dockerRegistry":"ARTIFACT_REGISTRY","serviceAccount":"projects/shed-3fc03/serviceAccounts/391381086192-compute@developer.gserviceaccount.com","automaticUpdatePolicy":{}},"serviceConfig":{"service":"projects/shed-3fc03/locations/europe-west1/services/notifyusersontoolrequest","timeoutSeconds":60,"environmentVariables":{"FIREBASE_CONFIG":"{\"projectId\":\"shed-3fc03\",\"storageBucket\":\"shed-3fc03.firebasestorage.app\"}","GCLOUD_PROJECT":"shed-3fc03","EVENTARC_CLOUD_EVENT_SOURCE":"projects/shed-3fc03/locations/europe-west1/services/notifyUsersOnToolRequest","FUNCTION_SIGNATURE_TYPE":"cloudevent","FUNCTION_TARGET":"notifyUsersOnToolRequest","LOG_EXECUTION_ID":"true"},"maxInstanceCount":20,"ingressSettings":"ALLOW_ALL","uri":"https://notifyusersontoolrequest-jp4i2o3cjq-ew.a.run.app","serviceAccountEmail":"391381086192-compute@developer.gserviceaccount.com","availableMemory":"256Mi","allTrafficOnLatestRevision":true,"revision":"notifyusersontoolrequest-00006-jek","maxInstanceRequestConcurrency":80,"availableCpu":"1"},"eventTrigger":{"trigger":"projects/shed-3fc03/locations/eur3/triggers/notifyusersontoolrequest-917750","triggerRegion":"eur3","eventType":"google.cloud.firestore.document.v1.created","eventFilters":[{"attribute":"document","value":"requests/{requestId}","operator":"match-path-pattern"},{"attribute":"database","value":"(default)"},{"attribute":"namespace","value":"(default)"}],"pubsubTopic":"projects/shed-3fc03/topics/eventarc-eur3-notifyusersontoolrequest-917750-498","serviceAccountEmail":"391381086192-compute@developer.gserviceaccount.com","retryPolicy":"RETRY_POLICY_DO_NOT_RETRY"},"state":"ACTIVE","updateTime":"2026-07-07T13:57:48.183537981Z","labels":{"deployment-tool":"cli-firebase","firebase-functions-hash":"23700133eb1d605c3c2d5ae4a599b13c9860fbc6"},"environment":"GEN_2","url":"https://europe-west1-shed-3fc03.cloudfunctions.net/notifyUsersOnToolRequest","createTime":"2026-07-06T14:45:12.901521994Z","satisfiesPzi":true},{"name":"projects/shed-3fc03/locations/europe-west1/functions/notifyOwnerOnReturn","buildConfig":{"build":"projects/391381086192/locations/europe-west1/builds/8dd126fa-14f9-49aa-866f-1bc5638174f0","runtime":"nodejs20","entryPoint":"notifyOwnerOnReturn","source":{"storageSource":{"bucket":"gcf-v2-sources-391381086192-europe-west1","object":"notifyOwnerOnReturn/function-source.zip","generation":"1783432654229710"}},"environmentVariables":{"GOOGLE_NODE_RUN_SCRIPTS":""},"dockerRepository":"projects/shed-3fc03/locations/europe-west1/repositories/gcf-artifacts","sourceProvenance":{"resolvedStorageSource":{"bucket":"gcf-v2-sources-391381086192-europe-west1","object":"notifyOwnerOnReturn/function-source.zip","generation":"1783432654229710"}},"dockerRegistry":"ARTIFACT_REGISTRY","serviceAccount":"projects/shed-3fc03/serviceAccounts/391381086192-compute@developer.gserviceaccount.com","automaticUpdatePolicy":{}},"serviceConfig":{"service":"projects/shed-3fc03/locations/europe-west1/services/notifyowneronreturn","timeoutSeconds":60,"environmentVariables":{"FIREBASE_CONFIG":"{\"projectId\":\"shed-3fc03\",\"storageBucket\":\"shed-3fc03.firebasestorage.app\"}","GCLOUD_PROJECT":"shed-3fc03","EVENTARC_CLOUD_EVENT_SOURCE":"projects/shed-3fc03/locations/europe-west1/services/notifyOwnerOnReturn","FUNCTION_SIGNATURE_TYPE":"cloudevent","FUNCTION_TARGET":"notifyOwnerOnReturn","LOG_EXECUTION_ID":"true"},"maxInstanceCount":20,"ingressSettings":"ALLOW_ALL","uri":"https://notifyowneronreturn-jp4i2o3cjq-ew.a.run.app","serviceAccountEmail":"391381086192-compute@developer.gserviceaccount.com","availableMemory":"256Mi","allTrafficOnLatestRevision":true,"revision":"notifyowneronreturn-00006-xis","maxInstanceRequestConcurrency":80,"availableCpu":"1"},"eventTrigger":{"trigger":"projects/shed-3fc03/locations/eur3/triggers/notifyowneronreturn-830218","triggerRegion":"eur3","eventType":"google.cloud.firestore.document.v1.updated","eventFilters":[{"attribute":"document","value":"loan/{loanId}","operator":"match-path-pattern"},{"attribute":"database","value":"(default)"},{"attribute":"namespace","value":"(default)"}],"pubsubTopic":"projects/shed-3fc03/topics/eventarc-eur3-notifyowneronreturn-830218-348","serviceAccountEmail":"391381086192-compute@developer.gserviceaccount.com","retryPolicy":"RETRY_POLICY_DO_NOT_RETRY"},"state":"ACTIVE","updateTime":"2026-07-07T13:57:48.194745227Z","labels":{"deployment-tool":"cli-firebase","firebase-functions-hash":"23700133eb1d605c3c2d5ae4a599b13c9860fbc6"},"environment":"GEN_2","url":"https://europe-west1-shed-3fc03.cloudfunctions.net/notifyOwnerOnReturn","createTime":"2026-07-06T14:45:12.713952821Z","satisfiesPzi":true},{"name":"projects/shed-3fc03/locations/europe-west1/functions/notifyOwnerOnBorrow","buildConfig":{"build":"projects/391381086192/locations/europe-west1/builds/8dd126fa-14f9-49aa-866f-1bc5638174f0","runtime":"nodejs20","entryPoint":"notifyOwnerOnBorrow","source":{"storageSource":{"bucket":"gcf-v2-sources-391381086192-europe-west1","object":"notifyOwnerOnBorrow/function-source.zip","generation":"1783432615638390"}},"environmentVariables":{"GOOGLE_NODE_RUN_SCRIPTS":""},"dockerRepository":"projects/shed-3fc03/locations/europe-west1/repositories/gcf-artifacts","sourceProvenance":{"resolvedStorageSource":{"bucket":"gcf-v2-sources-391381086192-europe-west1","object":"notifyOwnerOnBorrow/function-source.zip","generation":"1783432615638390"}},"dockerRegistry":"ARTIFACT_REGISTRY","serviceAccount":"projects/shed-3fc03/serviceAccounts/391381086192-compute@developer.gserviceaccount.com","automaticUpdatePolicy":{}},"serviceConfig":{"service":"projects/shed-3fc03/locations/europe-west1/services/notifyowneronborrow","timeoutSeconds":60,"environmentVariables":{"FIREBASE_CONFIG":"{\"projectId\":\"shed-3fc03\",\"storageBucket\":\"shed-3fc03.firebasestorage.app\"}","GCLOUD_PROJECT":"shed-3fc03","EVENTARC_CLOUD_EVENT_SOURCE":"projects/shed-3fc03/locations/europe-west1/services/notifyOwnerOnBorrow","FUNCTION_SIGNATURE_TYPE":"cloudevent","FUNCTION_TARGET":"notifyOwnerOnBorrow","LOG_EXECUTION_ID":"true"},"maxInstanceCount":20,"ingressSettings":"ALLOW_ALL","uri":"https://notifyowneronborrow-jp4i2o3cjq-ew.a.run.app","serviceAccountEmail":"391381086192-compute@developer.gserviceaccount.com","availableMemory":"256Mi","allTrafficOnLatestRevision":true,"revision":"notifyowneronborrow-00006-nuw","maxInstanceRequestConcurrency":80,"availableCpu":"1"},"eventTrigger":{"trigger":"projects/shed-3fc03/locations/eur3/triggers/notifyowneronborrow-508330","triggerRegion":"eur3","eventType":"google.cloud.firestore.document.v1.created","eventFilters":[{"attribute":"document","value":"loan/{loanId}","operator":"match-path-pattern"},{"attribute":"database","value":"(default)"},{"attribute":"namespace","value":"(default)"}],"pubsubTopic":"projects/shed-3fc03/topics/eventarc-eur3-notifyowneronborrow-508330-081","serviceAccountEmail":"391381086192-compute@developer.gserviceaccount.com","retryPolicy":"RETRY_POLICY_DO_NOT_RETRY"},"state":"ACTIVE","updateTime":"2026-07-07T13:57:48.202191578Z","labels":{"deployment-tool":"cli-firebase","firebase-functions-hash":"23700133eb1d605c3c2d5ae4a599b13c9860fbc6"},"environment":"GEN_2","url":"https://europe-west1-shed-3fc03.cloudfunctions.net/notifyOwnerOnBorrow","createTime":"2026-07-06T14:44:03.177573293Z","satisfiesPzi":true}]}
[info] i  extensions: ensuring required API firebaseextensions.googleapis.com is enabled... 
[debug] [2026-07-07T14:54:37.658Z] > command requires scopes: ["email","openid","https://www.googleapis.com/auth/cloudplatformprojects.readonly","https://www.googleapis.com/auth/firebase","https://www.googleapis.com/auth/cloud-platform"]
[debug] [2026-07-07T14:54:37.658Z] > authorizing via signed-in user (glyn.mercieca@gmail.com)
[debug] [2026-07-07T14:54:37.658Z] [iam] checking project shed-3fc03 for permissions ["firebase.projects.get","firebaseextensions.instances.list"]
[debug] [2026-07-07T14:54:37.658Z] Checked if tokens are valid: true, expires at: 1783439665926
[debug] [2026-07-07T14:54:37.658Z] Checked if tokens are valid: true, expires at: 1783439665926
[debug] [2026-07-07T14:54:37.658Z] >>> [apiv2][query] POST https://cloudresourcemanager.googleapis.com/v1/projects/shed-3fc03:testIamPermissions [none]
[debug] [2026-07-07T14:54:37.658Z] >>> [apiv2][(partial)header] POST https://cloudresourcemanager.googleapis.com/v1/projects/shed-3fc03:testIamPermissions  x-goog-user-project=shed-3fc03
[debug] [2026-07-07T14:54:37.658Z] >>> [apiv2][body] POST https://cloudresourcemanager.googleapis.com/v1/projects/shed-3fc03:testIamPermissions {"permissions":["firebase.projects.get","firebaseextensions.instances.list"]}
[debug] [2026-07-07T14:54:38.578Z] <<< [apiv2][status] POST https://cloudresourcemanager.googleapis.com/v1/projects/shed-3fc03:testIamPermissions 200
[debug] [2026-07-07T14:54:38.579Z] <<< [apiv2][body] POST https://cloudresourcemanager.googleapis.com/v1/projects/shed-3fc03:testIamPermissions {"permissions":["firebase.projects.get","firebaseextensions.instances.list"]}
[debug] [2026-07-07T14:54:38.579Z] Checked if tokens are valid: true, expires at: 1783439665926
[debug] [2026-07-07T14:54:38.579Z] Checked if tokens are valid: true, expires at: 1783439665926
[debug] [2026-07-07T14:54:38.579Z] >>> [apiv2][query] GET https://firebaseextensions.googleapis.com/v1beta/projects/shed-3fc03/instances pageSize=100&pageToken=
[debug] [2026-07-07T14:54:39.764Z] <<< [apiv2][status] GET https://firebaseextensions.googleapis.com/v1beta/projects/shed-3fc03/instances 200
[debug] [2026-07-07T14:54:39.764Z] <<< [apiv2][body] GET https://firebaseextensions.googleapis.com/v1beta/projects/shed-3fc03/instances {}
[info] i  functions: preparing functions directory for uploading... 
[info] i  functions: packaged /Users/glyn/Git/lilies-shed/functions (35 KB) for uploading 
[debug] [2026-07-07T14:54:39.791Z] Checked if tokens are valid: true, expires at: 1783439665926
[debug] [2026-07-07T14:54:39.791Z] Checked if tokens are valid: true, expires at: 1783439665926
[debug] [2026-07-07T14:54:39.791Z] >>> [apiv2][query] GET https://firestore.googleapis.com/v1/projects/shed-3fc03/databases/(default) [none]
[debug] [2026-07-07T14:54:40.281Z] <<< [apiv2][status] GET https://firestore.googleapis.com/v1/projects/shed-3fc03/databases/(default) 200
[debug] [2026-07-07T14:54:40.281Z] <<< [apiv2][body] GET https://firestore.googleapis.com/v1/projects/shed-3fc03/databases/(default) {"name":"projects/shed-3fc03/databases/(default)","uid":"b9a8f541-66a5-49f4-946a-3c547aa1daa9","createTime":"2026-07-06T06:54:03.274584Z","updateTime":"2026-07-06T06:54:03.274584Z","locationId":"eur3","type":"FIRESTORE_NATIVE","concurrencyMode":"PESSIMISTIC","versionRetentionPeriod":"3600s","earliestVersionTime":"2026-07-07T13:54:40.228931Z","appEngineIntegrationMode":"DISABLED","keyPrefix":"e","pointInTimeRecoveryEnablement":"POINT_IN_TIME_RECOVERY_DISABLED","deleteProtectionState":"DELETE_PROTECTION_DISABLED","databaseEdition":"STANDARD","freeTier":true,"realtimeUpdatesMode":"REALTIME_UPDATES_MODE_ENABLED","etag":"IIfPqpDpwJUDMM7w4NOmvpUD"}
[info] i  functions: ensuring required API run.googleapis.com is enabled... 
[info] i  functions: ensuring required API eventarc.googleapis.com is enabled... 
[info] i  functions: ensuring required API pubsub.googleapis.com is enabled... 
[info] i  functions: ensuring required API storage.googleapis.com is enabled... 
[info] i  functions: generating the service identity for pubsub.googleapis.com... 
[debug] [2026-07-07T14:54:40.285Z] Checked if tokens are valid: true, expires at: 1783439665926
[debug] [2026-07-07T14:54:40.285Z] Checked if tokens are valid: true, expires at: 1783439665926
[info] i  functions: generating the service identity for eventarc.googleapis.com... 
[debug] [2026-07-07T14:54:40.285Z] Checked if tokens are valid: true, expires at: 1783439665926
[debug] [2026-07-07T14:54:40.285Z] Checked if tokens are valid: true, expires at: 1783439665926
[debug] [2026-07-07T14:54:40.285Z] >>> [apiv2][query] POST https://serviceusage.googleapis.com/v1beta1/projects/391381086192/services/pubsub.googleapis.com:generateServiceIdentity [none]
[debug] [2026-07-07T14:54:40.285Z] >>> [apiv2][(partial)header] POST https://serviceusage.googleapis.com/v1beta1/projects/391381086192/services/pubsub.googleapis.com:generateServiceIdentity  x-goog-user-project=391381086192
[debug] [2026-07-07T14:54:40.285Z] >>> [apiv2][body] POST https://serviceusage.googleapis.com/v1beta1/projects/391381086192/services/pubsub.googleapis.com:generateServiceIdentity {}
[debug] [2026-07-07T14:54:40.287Z] >>> [apiv2][query] POST https://serviceusage.googleapis.com/v1beta1/projects/391381086192/services/eventarc.googleapis.com:generateServiceIdentity [none]
[debug] [2026-07-07T14:54:40.287Z] >>> [apiv2][(partial)header] POST https://serviceusage.googleapis.com/v1beta1/projects/391381086192/services/eventarc.googleapis.com:generateServiceIdentity  x-goog-user-project=391381086192
[debug] [2026-07-07T14:54:40.288Z] >>> [apiv2][body] POST https://serviceusage.googleapis.com/v1beta1/projects/391381086192/services/eventarc.googleapis.com:generateServiceIdentity {}
[debug] [2026-07-07T14:54:41.523Z] <<< [apiv2][status] POST https://serviceusage.googleapis.com/v1beta1/projects/391381086192/services/eventarc.googleapis.com:generateServiceIdentity 200
[debug] [2026-07-07T14:54:41.523Z] <<< [apiv2][body] POST https://serviceusage.googleapis.com/v1beta1/projects/391381086192/services/eventarc.googleapis.com:generateServiceIdentity {"name":"operations/finished.DONE_OPERATION","done":true,"response":{"@type":"type.googleapis.com/google.api.serviceusage.v1beta1.ServiceIdentity","email":"service-391381086192@gcp-sa-eventarc.iam.gserviceaccount.com","uniqueId":"111310981258547713513"}}
[debug] [2026-07-07T14:54:41.524Z] <<< [apiv2][status] POST https://serviceusage.googleapis.com/v1beta1/projects/391381086192/services/pubsub.googleapis.com:generateServiceIdentity 200
[debug] [2026-07-07T14:54:41.524Z] <<< [apiv2][body] POST https://serviceusage.googleapis.com/v1beta1/projects/391381086192/services/pubsub.googleapis.com:generateServiceIdentity {"name":"operations/finished.DONE_OPERATION","done":true,"response":{"@type":"type.googleapis.com/google.api.serviceusage.v1beta1.ServiceIdentity","email":"service-391381086192@gcp-sa-pubsub.iam.gserviceaccount.com","uniqueId":"114064001875737059780"}}
[debug] [2026-07-07T14:54:41.526Z] Checked if tokens are valid: true, expires at: 1783439665926
[debug] [2026-07-07T14:54:41.526Z] Checked if tokens are valid: true, expires at: 1783439665926
[debug] [2026-07-07T14:54:41.526Z] >>> [apiv2][query] GET https://cloudresourcemanager.googleapis.com/v1/projects/shed-3fc03 [none]
[debug] [2026-07-07T14:54:41.758Z] <<< [apiv2][status] GET https://cloudresourcemanager.googleapis.com/v1/projects/shed-3fc03 200
[debug] [2026-07-07T14:54:41.759Z] <<< [apiv2][body] GET https://cloudresourcemanager.googleapis.com/v1/projects/shed-3fc03 {"projectNumber":"391381086192","projectId":"shed-3fc03","lifecycleState":"ACTIVE","name":"Shed","labels":{"firebase":"enabled","firebase-core":"disabled"},"createTime":"2026-07-06T06:41:41.025Z"}
[debug] [2026-07-07T14:54:41.759Z] Checked if tokens are valid: true, expires at: 1783439665926
[debug] [2026-07-07T14:54:41.759Z] Checked if tokens are valid: true, expires at: 1783439665926
[debug] [2026-07-07T14:54:41.759Z] >>> [apiv2][query] GET https://compute.googleapis.com/compute/v1/projects/391381086192 [none]
[debug] [2026-07-07T14:54:42.570Z] <<< [apiv2][status] GET https://compute.googleapis.com/compute/v1/projects/391381086192 200
[debug] [2026-07-07T14:54:42.570Z] <<< [apiv2][body] GET https://compute.googleapis.com/compute/v1/projects/391381086192 {"kind":"compute#project","id":"7689302694915284714","creationTimestamp":"2026-07-06T23:43:17.306-07:00","name":"shed-3fc03","commonInstanceMetadata":{"kind":"compute#metadata","fingerprint":"3xd6B2VGPSA="},"quotas":[{"metric":"SNAPSHOTS","limit":1000,"usage":0},{"metric":"NETWORKS","limit":5,"usage":1},{"metric":"FIREWALLS","limit":100,"usage":4},{"metric":"IMAGES","limit":100,"usage":0},{"metric":"STATIC_ADDRESSES","limit":8,"usage":0},{"metric":"ROUTES","limit":200,"usage":0},{"metric":"FORWARDING_RULES","limit":15,"usage":0},{"metric":"TARGET_POOLS","limit":50,"usage":0},{"metric":"HEALTH_CHECKS","limit":75,"usage":0},{"metric":"IN_USE_ADDRESSES","limit":8,"usage":0},{"metric":"TARGET_INSTANCES","limit":50,"usage":0},{"metric":"TARGET_HTTP_PROXIES","limit":10,"usage":0},{"metric":"URL_MAPS","limit":10,"usage":0},{"metric":"BACKEND_SERVICES","limit":50,"usage":0},{"metric":"INSTANCE_TEMPLATES","limit":100,"usage":0},{"metric":"TARGET_VPN_GATEWAYS","limit":5,"usage":0},{"metric":"VPN_TUNNELS","limit":10,"usage":0},{"metric":"BACKEND_BUCKETS","limit":3,"usage":0},{"metric":"ROUTERS","limit":10,"usage":0},{"metric":"TARGET_SSL_PROXIES","limit":10,"usage":0},{"metric":"TARGET_HTTPS_PROXIES","limit":10,"usage":0},{"metric":"SSL_CERTIFICATES","limit":10,"usage":0},{"metric":"SUBNETWORKS","limit":100,"usage":0},{"metric":"TARGET_TCP_PROXIES","limit":10,"usage":0},{"metric":"CPUS_ALL_REGIONS","limit":32,"usage":0},{"metric":"SECURITY_POLICIES","limit":10,"usage":0},{"metric":"SECURITY_POLICY_RULES","limit":100,"usage":0},{"metric":"XPN_SERVICE_PROJECTS","limit":1000,"usage":0},{"metric":"PACKET_MIRRORINGS","limit":20,"usage":0},{"metric":"NETWORK_ENDPOINT_GROUPS","limit":100,"usage":0},{"metric":"INTERCONNECTS","limit":6,"usage":0},{"metric":"SSL_POLICIES","limit":10,"usage":0},{"metric":"GLOBAL_INTERNAL_ADDRESSES","limit":5000,"usage":0},{"metric":"VPN_GATEWAYS","limit":5,"usage":0},{"metric":"MACHINE_IMAGES","limit":100,"usage":0},{"metric":"SECURITY_POLICY_CEVAL_RULES","limit":20,"usage":0},{"metric":"GPUS_ALL_REGIONS","limit":0,"usage":0},{"metric":"EXTERNAL_VPN_GATEWAYS","limit":5,"usage":0},{"metric":"PUBLIC_ADVERTISED_PREFIXES","limit":1,"usage":0},{"metric":"PUBLIC_DELEGATED_PREFIXES","limit":10,"usage":0},{"metric":"STATIC_BYOIP_ADDRESSES","limit":128,"usage":0},{"metric":"NETWORK_FIREWALL_POLICIES","limit":10,"usage":0},{"metric":"INTERNAL_TRAFFIC_DIRECTOR_FORWARDING_RULES","limit":15,"usage":0},{"metric":"GLOBAL_EXTERNAL_MANAGED_FORWARDING_RULES","limit":15,"usage":0},{"metric":"GLOBAL_INTERNAL_MANAGED_BACKEND_SERVICES","limit":50,"usage":0},{"metric":"GLOBAL_EXTERNAL_MANAGED_BACKEND_SERVICES","limit":50,"usage":0},{"metric":"GLOBAL_EXTERNAL_PROXY_LB_BACKEND_SERVICES","limit":50,"usage":0},{"metric":"GLOBAL_INTERNAL_TRAFFIC_DIRECTOR_BACKEND_SERVICES","limit":250,"usage":0}],"selfLink":"https://www.googleapis.com/compute/v1/projects/shed-3fc03","defaultServiceAccount":"391381086192-compute@developer.gserviceaccount.com","xpnProjectStatus":"UNSPECIFIED_XPN_PROJECT_STATUS","defaultNetworkTier":"PREMIUM","vmDnsSetting":"ZONAL_ONLY","cloudArmorTier":"CA_STANDARD"}
[debug] [2026-07-07T14:54:42.572Z] Checked if tokens are valid: true, expires at: 1783439665926
[debug] [2026-07-07T14:54:42.572Z] Checked if tokens are valid: true, expires at: 1783439665926
[debug] [2026-07-07T14:54:42.572Z] >>> [apiv2][query] GET https://cloudbilling.googleapis.com/v1/projects/shed-3fc03/billingInfo [none]
[debug] [2026-07-07T14:54:42.572Z] >>> [apiv2][(partial)header] GET https://cloudbilling.googleapis.com/v1/projects/shed-3fc03/billingInfo  x-goog-user-project=shed-3fc03
[debug] [2026-07-07T14:54:43.142Z] <<< [apiv2][status] GET https://cloudbilling.googleapis.com/v1/projects/shed-3fc03/billingInfo 200
[debug] [2026-07-07T14:54:43.143Z] <<< [apiv2][body] GET https://cloudbilling.googleapis.com/v1/projects/shed-3fc03/billingInfo {"name":"projects/shed-3fc03/billingInfo","projectId":"shed-3fc03","billingAccountName":"billingAccounts/012CD3-0D3DE1-A67BBE","billingEnabled":true}
[debug] [2026-07-07T14:54:43.144Z] Checked if tokens are valid: true, expires at: 1783439665926
[debug] [2026-07-07T14:54:43.144Z] Checked if tokens are valid: true, expires at: 1783439665926
[debug] [2026-07-07T14:54:43.144Z] >>> [apiv2][query] POST https://cloudfunctions.googleapis.com/v2/projects/shed-3fc03/locations/europe-west1/functions:generateUploadUrl [none]
[debug] [2026-07-07T14:54:43.437Z] <<< [apiv2][status] POST https://cloudfunctions.googleapis.com/v2/projects/shed-3fc03/locations/europe-west1/functions:generateUploadUrl 200
[debug] [2026-07-07T14:54:43.437Z] <<< [apiv2][body] POST https://cloudfunctions.googleapis.com/v2/projects/shed-3fc03/locations/europe-west1/functions:generateUploadUrl {"uploadUrl":"https://storage.googleapis.com/gcf-v2-uploads-391381086192.europe-west1.cloudfunctions.appspot.com/908dc1b8-9008-4e2a-a1e7-8f388c9ecff8.zip?GoogleAccessId=service-391381086192@gcf-admin-robot.iam.gserviceaccount.com&Expires=1783437883&Signature=IQBUEpv5R%2FMB3QvG0FjKUlWTQAvkiG%2BvpspddlgdsHLbizdOqC2mGN2QOzNlzNVxBV7IzNXUgKCaDSQTAnDxhg7pOZ7woJs%2B2gm5gbYYi70usEFvrwqWkXrNJs3%2FWxPEoZqBaYNdNZDyC6MA%2Bus%2BLktvGXExyHnZOF7CU6JPThS63JCAfzHGqTkn6FaroVGr%2FWmK6DvyKlvXm8i3oFtN1ImNoRJVrnWTSPWlof2bY9Fi3r%2FFVz%2BwYSM7nUpDlawLIBUSbl%2FRVRSgffYQ7xF68NGuWkmLRZw50FDCEvzA%2Bm7XiWxYokm4ubdrakQOweJTImayUceYJEk%2BPdNLsvrL2Q%3D%3D","storageSource":{"bucket":"gcf-v2-uploads-391381086192.europe-west1.cloudfunctions.appspot.com","object":"908dc1b8-9008-4e2a-a1e7-8f388c9ecff8.zip"}}
[debug] [2026-07-07T14:54:43.438Z] >>> [apiv2][query] PUT https://storage.googleapis.com/gcf-v2-uploads-391381086192.europe-west1.cloudfunctions.appspot.com/908dc1b8-9008-4e2a-a1e7-8f388c9ecff8.zip GoogleAccessId=service-391381086192%40gcf-admin-robot.iam.gserviceaccount.com&Expires=1783437883&Signature=IQBUEpv5R%2FMB3QvG0FjKUlWTQAvkiG%2BvpspddlgdsHLbizdOqC2mGN2QOzNlzNVxBV7IzNXUgKCaDSQTAnDxhg7pOZ7woJs%2B2gm5gbYYi70usEFvrwqWkXrNJs3%2FWxPEoZqBaYNdNZDyC6MA%2Bus%2BLktvGXExyHnZOF7CU6JPThS63JCAfzHGqTkn6FaroVGr%2FWmK6DvyKlvXm8i3oFtN1ImNoRJVrnWTSPWlof2bY9Fi3r%2FFVz%2BwYSM7nUpDlawLIBUSbl%2FRVRSgffYQ7xF68NGuWkmLRZw50FDCEvzA%2Bm7XiWxYokm4ubdrakQOweJTImayUceYJEk%2BPdNLsvrL2Q%3D%3D
[debug] [2026-07-07T14:54:43.438Z] >>> [apiv2][body] PUT https://storage.googleapis.com/gcf-v2-uploads-391381086192.europe-west1.cloudfunctions.appspot.com/908dc1b8-9008-4e2a-a1e7-8f388c9ecff8.zip [stream]
[debug] [2026-07-07T14:54:43.955Z] <<< [apiv2][status] PUT https://storage.googleapis.com/gcf-v2-uploads-391381086192.europe-west1.cloudfunctions.appspot.com/908dc1b8-9008-4e2a-a1e7-8f388c9ecff8.zip 200
[debug] [2026-07-07T14:54:43.956Z] <<< [apiv2][body] PUT https://storage.googleapis.com/gcf-v2-uploads-391381086192.europe-west1.cloudfunctions.appspot.com/908dc1b8-9008-4e2a-a1e7-8f388c9ecff8.zip [omitted]
[info] ✔  functions: functions source uploaded successfully 
[info] i  functions: updating Node.js 20 (2nd Gen) function notifyOwnerOnBorrow(europe-west1)... 
[info] i  functions: updating Node.js 20 (2nd Gen) function notifyOwnerOnReturn(europe-west1)... 
[info] i  functions: updating Node.js 20 (2nd Gen) function notifyUsersOnToolRequest(europe-west1)... 
[debug] [2026-07-07T14:54:43.960Z] Checked if tokens are valid: true, expires at: 1783439665926
[debug] [2026-07-07T14:54:43.960Z] Checked if tokens are valid: true, expires at: 1783439665926
[debug] [2026-07-07T14:54:43.960Z] >>> [apiv2][query] PATCH https://cloudfunctions.googleapis.com/v2/projects/shed-3fc03/locations/europe-west1/functions/notifyOwnerOnBorrow updateMask=name%2CbuildConfig.runtime%2CbuildConfig.entryPoint%2CbuildConfig.source.storageSource.bucket%2CbuildConfig.source.storageSource.object%2CbuildConfig.environmentVariables%2CbuildConfig.sourceToken%2CserviceConfig.environmentVariables%2CserviceConfig.ingressSettings%2CserviceConfig.timeoutSeconds%2CserviceConfig.serviceAccountEmail%2CserviceConfig.availableMemory%2CserviceConfig.minInstanceCount%2CserviceConfig.maxInstanceCount%2CserviceConfig.maxInstanceRequestConcurrency%2CserviceConfig.availableCpu%2CserviceConfig.vpcConnector%2CserviceConfig.vpcConnectorEgressSettings%2CserviceConfig.directVpcNetworkInterface%2CserviceConfig.directVpcEgress%2Clabels%2CeventTrigger.eventType%2CeventTrigger.retryPolicy%2CeventTrigger.eventFilters%2CeventTrigger.triggerRegion
[debug] [2026-07-07T14:54:43.960Z] >>> [apiv2][body] PATCH https://cloudfunctions.googleapis.com/v2/projects/shed-3fc03/locations/europe-west1/functions/notifyOwnerOnBorrow {"name":"projects/shed-3fc03/locations/europe-west1/functions/notifyOwnerOnBorrow","buildConfig":{"runtime":"nodejs20","entryPoint":"notifyOwnerOnBorrow","source":{"storageSource":{"bucket":"gcf-v2-uploads-391381086192.europe-west1.cloudfunctions.appspot.com","object":"908dc1b8-9008-4e2a-a1e7-8f388c9ecff8.zip"}},"environmentVariables":{"GOOGLE_NODE_RUN_SCRIPTS":""}},"serviceConfig":{"environmentVariables":{"FIREBASE_CONFIG":"{\"projectId\":\"shed-3fc03\",\"storageBucket\":\"shed-3fc03.firebasestorage.app\"}","GCLOUD_PROJECT":"shed-3fc03","EVENTARC_CLOUD_EVENT_SOURCE":"projects/shed-3fc03/locations/europe-west1/services/notifyOwnerOnBorrow","FUNCTION_SIGNATURE_TYPE":"cloudevent","FUNCTION_TARGET":"notifyOwnerOnBorrow","LOG_EXECUTION_ID":"true"},"ingressSettings":null,"timeoutSeconds":null,"serviceAccountEmail":null,"availableMemory":"256Mi","minInstanceCount":null,"maxInstanceCount":null,"maxInstanceRequestConcurrency":80,"availableCpu":"1","vpcConnector":null,"vpcConnectorEgressSettings":null,"directVpcNetworkInterface":null,"directVpcEgress":null},"labels":{"deployment-tool":"cli-firebase","firebase-functions-hash":"24e24770f1cef3dcd8bc7b1ce4a9cfdf25eaf5f4"},"eventTrigger":{"eventType":"google.cloud.firestore.document.v1.created","retryPolicy":"RETRY_POLICY_DO_NOT_RETRY","eventFilters":[{"attribute":"database","value":"(default)"},{"attribute":"namespace","value":"(default)"},{"attribute":"document","value":"loan/{loanId}","operator":"match-path-pattern"}],"triggerRegion":"eur3"}}
[debug] [2026-07-07T14:54:45.527Z] <<< [apiv2][status] PATCH https://cloudfunctions.googleapis.com/v2/projects/shed-3fc03/locations/europe-west1/functions/notifyOwnerOnBorrow 200
[debug] [2026-07-07T14:54:45.527Z] <<< [apiv2][body] PATCH https://cloudfunctions.googleapis.com/v2/projects/shed-3fc03/locations/europe-west1/functions/notifyOwnerOnBorrow {"name":"projects/shed-3fc03/locations/europe-west1/operations/operation-1783436084106-656069245d373-00da4d90-5d021bae","metadata":{"@type":"type.googleapis.com/google.cloud.functions.v2.OperationMetadata","createTime":"2026-07-07T14:54:45.505231594Z","target":"projects/shed-3fc03/locations/europe-west1/functions/notifyOwnerOnBorrow","verb":"update","cancelRequested":false,"apiVersion":"v2"},"done":false}
[debug] [2026-07-07T14:54:45.528Z] Checked if tokens are valid: true, expires at: 1783439665926
[debug] [2026-07-07T14:54:45.528Z] Checked if tokens are valid: true, expires at: 1783439665926
[debug] [2026-07-07T14:54:45.528Z] >>> [apiv2][query] GET https://cloudfunctions.googleapis.com/v2/projects/shed-3fc03/locations/europe-west1/operations/operation-1783436084106-656069245d373-00da4d90-5d021bae [none]
[debug] [2026-07-07T14:54:45.713Z] <<< [apiv2][status] GET https://cloudfunctions.googleapis.com/v2/projects/shed-3fc03/locations/europe-west1/operations/operation-1783436084106-656069245d373-00da4d90-5d021bae 200
[debug] [2026-07-07T14:54:45.713Z] <<< [apiv2][body] GET https://cloudfunctions.googleapis.com/v2/projects/shed-3fc03/locations/europe-west1/operations/operation-1783436084106-656069245d373-00da4d90-5d021bae {"name":"projects/shed-3fc03/locations/europe-west1/operations/operation-1783436084106-656069245d373-00da4d90-5d021bae","metadata":{"@type":"type.googleapis.com/google.cloud.functions.v2.OperationMetadata","createTime":"2026-07-07T14:54:45.505231594Z","target":"projects/shed-3fc03/locations/europe-west1/functions/notifyOwnerOnBorrow","verb":"update","cancelRequested":false,"apiVersion":"v2"},"done":false}
[debug] [2026-07-07T14:54:46.215Z] [update-default-europe-west1-notifyOwnerOnBorrow] Retrying task index 0
[debug] [2026-07-07T14:54:46.217Z] Checked if tokens are valid: true, expires at: 1783439665926
[debug] [2026-07-07T14:54:46.217Z] Checked if tokens are valid: true, expires at: 1783439665926
[debug] [2026-07-07T14:54:46.217Z] >>> [apiv2][query] GET https://cloudfunctions.googleapis.com/v2/projects/shed-3fc03/locations/europe-west1/operations/operation-1783436084106-656069245d373-00da4d90-5d021bae [none]
[debug] [2026-07-07T14:54:46.381Z] <<< [apiv2][status] GET https://cloudfunctions.googleapis.com/v2/projects/shed-3fc03/locations/europe-west1/operations/operation-1783436084106-656069245d373-00da4d90-5d021bae 200
[debug] [2026-07-07T14:54:46.382Z] <<< [apiv2][body] GET https://cloudfunctions.googleapis.com/v2/projects/shed-3fc03/locations/europe-west1/operations/operation-1783436084106-656069245d373-00da4d90-5d021bae {"name":"projects/shed-3fc03/locations/europe-west1/operations/operation-1783436084106-656069245d373-00da4d90-5d021bae","metadata":{"@type":"type.googleapis.com/google.cloud.functions.v2.OperationMetadata","createTime":"2026-07-07T14:54:45.505231594Z","target":"projects/shed-3fc03/locations/europe-west1/functions/notifyOwnerOnBorrow","verb":"update","cancelRequested":false,"apiVersion":"v2","requestResource":{"@type":"type.googleapis.com/google.cloud.functions.v2.Function","name":"projects/shed-3fc03/locations/europe-west1/functions/notifyOwnerOnBorrow","buildConfig":{"runtime":"nodejs20","entryPoint":"notifyOwnerOnBorrow","source":{"storageSource":{"bucket":"gcf-v2-sources-391381086192-europe-west1","object":"notifyOwnerOnBorrow/function-source.zip","generation":"1783436085451743"}},"environmentVariables":{"GOOGLE_NODE_RUN_SCRIPTS":""},"dockerRepository":"projects/shed-3fc03/locations/europe-west1/repositories/gcf-artifacts","sourceProvenance":{"resolvedStorageSource":{"bucket":"gcf-v2-sources-391381086192-europe-west1","object":"notifyOwnerOnBorrow/function-source.zip","generation":"1783432615638390"}},"dockerRegistry":"ARTIFACT_REGISTRY","serviceAccount":"projects/shed-3fc03/serviceAccounts/391381086192-compute@developer.gserviceaccount.com","automaticUpdatePolicy":{}},"serviceConfig":{"service":"projects/shed-3fc03/locations/europe-west1/services/notifyowneronborrow","timeoutSeconds":60,"environmentVariables":{"FIREBASE_CONFIG":"{\"projectId\":\"shed-3fc03\",\"storageBucket\":\"shed-3fc03.firebasestorage.app\"}","GCLOUD_PROJECT":"shed-3fc03","EVENTARC_CLOUD_EVENT_SOURCE":"projects/shed-3fc03/locations/europe-west1/services/notifyOwnerOnBorrow","FUNCTION_SIGNATURE_TYPE":"cloudevent","FUNCTION_TARGET":"notifyOwnerOnBorrow","LOG_EXECUTION_ID":"true"},"ingressSettings":"ALLOW_ALL","uri":"https://notifyowneronborrow-jp4i2o3cjq-ew.a.run.app","serviceAccountEmail":"391381086192-compute@developer.gserviceaccount.com","availableMemory":"256Mi","allTrafficOnLatestRevision":true,"revision":"notifyowneronborrow-00006-nuw","maxInstanceRequestConcurrency":80,"availableCpu":"1"},"eventTrigger":{"trigger":"projects/shed-3fc03/locations/eur3/triggers/notifyowneronborrow-508330","triggerRegion":"eur3","eventType":"google.cloud.firestore.document.v1.created","eventFilters":[{"attribute":"database","value":"(default)"},{"attribute":"namespace","value":"(default)"},{"attribute":"document","value":"loan/{loanId}","operator":"match-path-pattern"}],"pubsubTopic":"projects/shed-3fc03/topics/eventarc-eur3-notifyowneronborrow-508330-081","serviceAccountEmail":"391381086192-compute@developer.gserviceaccount.com","retryPolicy":"RETRY_POLICY_DO_NOT_RETRY"},"state":"ACTIVE","labels":{"deployment-tool":"cli-firebase","firebase-functions-hash":"24e24770f1cef3dcd8bc7b1ce4a9cfdf25eaf5f4"},"environment":"GEN_2","url":"https://europe-west1-shed-3fc03.cloudfunctions.net/notifyOwnerOnBorrow","satisfiesPzi":true},"stages":[{"name":"BUILD","state":"NOT_STARTED","stateMessages":[{"severity":"WARNING","type":"BuildAnalysisWarning","message":"Node.js 20 is no longer supported by the Node.js community as of 30 April, 2026. Runtime nodejs20 is currently deprecated for Cloud Functions. We recommend you to upgrade to the latest version of Node.js as soon as possible."}]},{"name":"SERVICE","state":"NOT_STARTED"},{"name":"TRIGGER","state":"NOT_STARTED"}],"operationType":"UPDATE_FUNCTION"},"done":false}
[debug] [2026-07-07T14:54:47.383Z] [update-default-europe-west1-notifyOwnerOnBorrow] Retrying task index 0
[debug] [2026-07-07T14:54:47.383Z] Checked if tokens are valid: true, expires at: 1783439665926
[debug] [2026-07-07T14:54:47.383Z] Checked if tokens are valid: true, expires at: 1783439665926
[debug] [2026-07-07T14:54:47.383Z] >>> [apiv2][query] GET https://cloudfunctions.googleapis.com/v2/projects/shed-3fc03/locations/europe-west1/operations/operation-1783436084106-656069245d373-00da4d90-5d021bae [none]
[debug] [2026-07-07T14:54:47.526Z] <<< [apiv2][status] GET https://cloudfunctions.googleapis.com/v2/projects/shed-3fc03/locations/europe-west1/operations/operation-1783436084106-656069245d373-00da4d90-5d021bae 200
[debug] [2026-07-07T14:54:47.526Z] <<< [apiv2][body] GET https://cloudfunctions.googleapis.com/v2/projects/shed-3fc03/locations/europe-west1/operations/operation-1783436084106-656069245d373-00da4d90-5d021bae {"name":"projects/shed-3fc03/locations/europe-west1/operations/operation-1783436084106-656069245d373-00da4d90-5d021bae","metadata":{"@type":"type.googleapis.com/google.cloud.functions.v2.OperationMetadata","createTime":"2026-07-07T14:54:45.505231594Z","target":"projects/shed-3fc03/locations/europe-west1/functions/notifyOwnerOnBorrow","verb":"update","cancelRequested":false,"apiVersion":"v2","requestResource":{"@type":"type.googleapis.com/google.cloud.functions.v2.Function","name":"projects/shed-3fc03/locations/europe-west1/functions/notifyOwnerOnBorrow","buildConfig":{"runtime":"nodejs20","entryPoint":"notifyOwnerOnBorrow","source":{"storageSource":{"bucket":"gcf-v2-sources-391381086192-europe-west1","object":"notifyOwnerOnBorrow/function-source.zip","generation":"1783436085451743"}},"environmentVariables":{"GOOGLE_NODE_RUN_SCRIPTS":""},"dockerRepository":"projects/shed-3fc03/locations/europe-west1/repositories/gcf-artifacts","sourceProvenance":{"resolvedStorageSource":{"bucket":"gcf-v2-sources-391381086192-europe-west1","object":"notifyOwnerOnBorrow/function-source.zip","generation":"1783432615638390"}},"dockerRegistry":"ARTIFACT_REGISTRY","serviceAccount":"projects/shed-3fc03/serviceAccounts/391381086192-compute@developer.gserviceaccount.com","automaticUpdatePolicy":{}},"serviceConfig":{"service":"projects/shed-3fc03/locations/europe-west1/services/notifyowneronborrow","timeoutSeconds":60,"environmentVariables":{"FIREBASE_CONFIG":"{\"projectId\":\"shed-3fc03\",\"storageBucket\":\"shed-3fc03.firebasestorage.app\"}","GCLOUD_PROJECT":"shed-3fc03","EVENTARC_CLOUD_EVENT_SOURCE":"projects/shed-3fc03/locations/europe-west1/services/notifyOwnerOnBorrow","FUNCTION_SIGNATURE_TYPE":"cloudevent","FUNCTION_TARGET":"notifyOwnerOnBorrow","LOG_EXECUTION_ID":"true"},"ingressSettings":"ALLOW_ALL","uri":"https://notifyowneronborrow-jp4i2o3cjq-ew.a.run.app","serviceAccountEmail":"391381086192-compute@developer.gserviceaccount.com","availableMemory":"256Mi","allTrafficOnLatestRevision":true,"revision":"notifyowneronborrow-00006-nuw","maxInstanceRequestConcurrency":80,"availableCpu":"1"},"eventTrigger":{"trigger":"projects/shed-3fc03/locations/eur3/triggers/notifyowneronborrow-508330","triggerRegion":"eur3","eventType":"google.cloud.firestore.document.v1.created","eventFilters":[{"attribute":"database","value":"(default)"},{"attribute":"namespace","value":"(default)"},{"attribute":"document","value":"loan/{loanId}","operator":"match-path-pattern"}],"pubsubTopic":"projects/shed-3fc03/topics/eventarc-eur3-notifyowneronborrow-508330-081","serviceAccountEmail":"391381086192-compute@developer.gserviceaccount.com","retryPolicy":"RETRY_POLICY_DO_NOT_RETRY"},"state":"ACTIVE","labels":{"deployment-tool":"cli-firebase","firebase-functions-hash":"24e24770f1cef3dcd8bc7b1ce4a9cfdf25eaf5f4"},"environment":"GEN_2","url":"https://europe-west1-shed-3fc03.cloudfunctions.net/notifyOwnerOnBorrow","satisfiesPzi":true},"stages":[{"name":"BUILD","message":"Build in progress","state":"IN_PROGRESS","resource":"projects/391381086192/locations/europe-west1/builds/08835d9d-f8ff-4fd0-8c65-b38ce2c36318","resourceUri":"https://console.cloud.google.com/cloud-build/builds;region=europe-west1/08835d9d-f8ff-4fd0-8c65-b38ce2c36318?project=391381086192"},{"name":"SERVICE","state":"NOT_STARTED"},{"name":"TRIGGER","state":"NOT_STARTED"}],"operationType":"UPDATE_FUNCTION","buildName":"projects/391381086192/locations/europe-west1/builds/08835d9d-f8ff-4fd0-8c65-b38ce2c36318"},"done":false}
[debug] [2026-07-07T14:54:49.527Z] [update-default-europe-west1-notifyOwnerOnBorrow] Retrying task index 0
[debug] [2026-07-07T14:54:49.527Z] Checked if tokens are valid: true, expires at: 1783439665926
[debug] [2026-07-07T14:54:49.527Z] Checked if tokens are valid: true, expires at: 1783439665926
[debug] [2026-07-07T14:54:49.528Z] >>> [apiv2][query] GET https://cloudfunctions.googleapis.com/v2/projects/shed-3fc03/locations/europe-west1/operations/operation-1783436084106-656069245d373-00da4d90-5d021bae [none]
[debug] [2026-07-07T14:54:49.716Z] <<< [apiv2][status] GET https://cloudfunctions.googleapis.com/v2/projects/shed-3fc03/locations/europe-west1/operations/operation-1783436084106-656069245d373-00da4d90-5d021bae 200
[debug] [2026-07-07T14:54:49.716Z] <<< [apiv2][body] GET https://cloudfunctions.googleapis.com/v2/projects/shed-3fc03/locations/europe-west1/operations/operation-1783436084106-656069245d373-00da4d90-5d021bae {"name":"projects/shed-3fc03/locations/europe-west1/operations/operation-1783436084106-656069245d373-00da4d90-5d021bae","metadata":{"@type":"type.googleapis.com/google.cloud.functions.v2.OperationMetadata","createTime":"2026-07-07T14:54:45.505231594Z","target":"projects/shed-3fc03/locations/europe-west1/functions/notifyOwnerOnBorrow","verb":"update","cancelRequested":false,"apiVersion":"v2","requestResource":{"@type":"type.googleapis.com/google.cloud.functions.v2.Function","name":"projects/shed-3fc03/locations/europe-west1/functions/notifyOwnerOnBorrow","buildConfig":{"runtime":"nodejs20","entryPoint":"notifyOwnerOnBorrow","source":{"storageSource":{"bucket":"gcf-v2-sources-391381086192-europe-west1","object":"notifyOwnerOnBorrow/function-source.zip","generation":"1783436085451743"}},"environmentVariables":{"GOOGLE_NODE_RUN_SCRIPTS":""},"dockerRepository":"projects/shed-3fc03/locations/europe-west1/repositories/gcf-artifacts","sourceProvenance":{"resolvedStorageSource":{"bucket":"gcf-v2-sources-391381086192-europe-west1","object":"notifyOwnerOnBorrow/function-source.zip","generation":"1783432615638390"}},"dockerRegistry":"ARTIFACT_REGISTRY","serviceAccount":"projects/shed-3fc03/serviceAccounts/391381086192-compute@developer.gserviceaccount.com","automaticUpdatePolicy":{}},"serviceConfig":{"service":"projects/shed-3fc03/locations/europe-west1/services/notifyowneronborrow","timeoutSeconds":60,"environmentVariables":{"FIREBASE_CONFIG":"{\"projectId\":\"shed-3fc03\",\"storageBucket\":\"shed-3fc03.firebasestorage.app\"}","GCLOUD_PROJECT":"shed-3fc03","EVENTARC_CLOUD_EVENT_SOURCE":"projects/shed-3fc03/locations/europe-west1/services/notifyOwnerOnBorrow","FUNCTION_SIGNATURE_TYPE":"cloudevent","FUNCTION_TARGET":"notifyOwnerOnBorrow","LOG_EXECUTION_ID":"true"},"ingressSettings":"ALLOW_ALL","uri":"https://notifyowneronborrow-jp4i2o3cjq-ew.a.run.app","serviceAccountEmail":"391381086192-compute@developer.gserviceaccount.com","availableMemory":"256Mi","allTrafficOnLatestRevision":true,"revision":"notifyowneronborrow-00006-nuw","maxInstanceRequestConcurrency":80,"availableCpu":"1"},"eventTrigger":{"trigger":"projects/shed-3fc03/locations/eur3/triggers/notifyowneronborrow-508330","triggerRegion":"eur3","eventType":"google.cloud.firestore.document.v1.created","eventFilters":[{"attribute":"database","value":"(default)"},{"attribute":"namespace","value":"(default)"},{"attribute":"document","value":"loan/{loanId}","operator":"match-path-pattern"}],"pubsubTopic":"projects/shed-3fc03/topics/eventarc-eur3-notifyowneronborrow-508330-081","serviceAccountEmail":"391381086192-compute@developer.gserviceaccount.com","retryPolicy":"RETRY_POLICY_DO_NOT_RETRY"},"state":"ACTIVE","labels":{"deployment-tool":"cli-firebase","firebase-functions-hash":"24e24770f1cef3dcd8bc7b1ce4a9cfdf25eaf5f4"},"environment":"GEN_2","url":"https://europe-west1-shed-3fc03.cloudfunctions.net/notifyOwnerOnBorrow","satisfiesPzi":true},"stages":[{"name":"BUILD","message":"Build in progress","state":"IN_PROGRESS","resource":"projects/391381086192/locations/europe-west1/builds/08835d9d-f8ff-4fd0-8c65-b38ce2c36318","resourceUri":"https://console.cloud.google.com/cloud-build/builds;region=europe-west1/08835d9d-f8ff-4fd0-8c65-b38ce2c36318?project=391381086192"},{"name":"SERVICE","state":"NOT_STARTED"},{"name":"TRIGGER","state":"NOT_STARTED"}],"operationType":"UPDATE_FUNCTION","buildName":"projects/391381086192/locations/europe-west1/builds/08835d9d-f8ff-4fd0-8c65-b38ce2c36318"},"done":false}
[debug] [2026-07-07T14:54:53.718Z] [update-default-europe-west1-notifyOwnerOnBorrow] Retrying task index 0
[debug] [2026-07-07T14:54:53.719Z] Checked if tokens are valid: true, expires at: 1783439665926
[debug] [2026-07-07T14:54:53.719Z] Checked if tokens are valid: true, expires at: 1783439665926
[debug] [2026-07-07T14:54:53.719Z] >>> [apiv2][query] GET https://cloudfunctions.googleapis.com/v2/projects/shed-3fc03/locations/europe-west1/operations/operation-1783436084106-656069245d373-00da4d90-5d021bae [none]
[debug] [2026-07-07T14:54:53.812Z] <<< [apiv2][status] GET https://cloudfunctions.googleapis.com/v2/projects/shed-3fc03/locations/europe-west1/operations/operation-1783436084106-656069245d373-00da4d90-5d021bae 200
[debug] [2026-07-07T14:54:53.812Z] <<< [apiv2][body] GET https://cloudfunctions.googleapis.com/v2/projects/shed-3fc03/locations/europe-west1/operations/operation-1783436084106-656069245d373-00da4d90-5d021bae {"name":"projects/shed-3fc03/locations/europe-west1/operations/operation-1783436084106-656069245d373-00da4d90-5d021bae","metadata":{"@type":"type.googleapis.com/google.cloud.functions.v2.OperationMetadata","createTime":"2026-07-07T14:54:45.505231594Z","target":"projects/shed-3fc03/locations/europe-west1/functions/notifyOwnerOnBorrow","verb":"update","cancelRequested":false,"apiVersion":"v2","requestResource":{"@type":"type.googleapis.com/google.cloud.functions.v2.Function","name":"projects/shed-3fc03/locations/europe-west1/functions/notifyOwnerOnBorrow","buildConfig":{"runtime":"nodejs20","entryPoint":"notifyOwnerOnBorrow","source":{"storageSource":{"bucket":"gcf-v2-sources-391381086192-europe-west1","object":"notifyOwnerOnBorrow/function-source.zip","generation":"1783436085451743"}},"environmentVariables":{"GOOGLE_NODE_RUN_SCRIPTS":""},"dockerRepository":"projects/shed-3fc03/locations/europe-west1/repositories/gcf-artifacts","sourceProvenance":{"resolvedStorageSource":{"bucket":"gcf-v2-sources-391381086192-europe-west1","object":"notifyOwnerOnBorrow/function-source.zip","generation":"1783432615638390"}},"dockerRegistry":"ARTIFACT_REGISTRY","serviceAccount":"projects/shed-3fc03/serviceAccounts/391381086192-compute@developer.gserviceaccount.com","automaticUpdatePolicy":{}},"serviceConfig":{"service":"projects/shed-3fc03/locations/europe-west1/services/notifyowneronborrow","timeoutSeconds":60,"environmentVariables":{"FIREBASE_CONFIG":"{\"projectId\":\"shed-3fc03\",\"storageBucket\":\"shed-3fc03.firebasestorage.app\"}","GCLOUD_PROJECT":"shed-3fc03","EVENTARC_CLOUD_EVENT_SOURCE":"projects/shed-3fc03/locations/europe-west1/services/notifyOwnerOnBorrow","FUNCTION_SIGNATURE_TYPE":"cloudevent","FUNCTION_TARGET":"notifyOwnerOnBorrow","LOG_EXECUTION_ID":"true"},"ingressSettings":"ALLOW_ALL","uri":"https://notifyowneronborrow-jp4i2o3cjq-ew.a.run.app","serviceAccountEmail":"391381086192-compute@developer.gserviceaccount.com","availableMemory":"256Mi","allTrafficOnLatestRevision":true,"revision":"notifyowneronborrow-00006-nuw","maxInstanceRequestConcurrency":80,"availableCpu":"1"},"eventTrigger":{"trigger":"projects/shed-3fc03/locations/eur3/triggers/notifyowneronborrow-508330","triggerRegion":"eur3","eventType":"google.cloud.firestore.document.v1.created","eventFilters":[{"attribute":"database","value":"(default)"},{"attribute":"namespace","value":"(default)"},{"attribute":"document","value":"loan/{loanId}","operator":"match-path-pattern"}],"pubsubTopic":"projects/shed-3fc03/topics/eventarc-eur3-notifyowneronborrow-508330-081","serviceAccountEmail":"391381086192-compute@developer.gserviceaccount.com","retryPolicy":"RETRY_POLICY_DO_NOT_RETRY"},"state":"ACTIVE","labels":{"deployment-tool":"cli-firebase","firebase-functions-hash":"24e24770f1cef3dcd8bc7b1ce4a9cfdf25eaf5f4"},"environment":"GEN_2","url":"https://europe-west1-shed-3fc03.cloudfunctions.net/notifyOwnerOnBorrow","satisfiesPzi":true},"stages":[{"name":"BUILD","message":"Build in progress","state":"IN_PROGRESS","resource":"projects/391381086192/locations/europe-west1/builds/08835d9d-f8ff-4fd0-8c65-b38ce2c36318","resourceUri":"https://console.cloud.google.com/cloud-build/builds;region=europe-west1/08835d9d-f8ff-4fd0-8c65-b38ce2c36318?project=391381086192"},{"name":"SERVICE","state":"NOT_STARTED"},{"name":"TRIGGER","state":"NOT_STARTED"}],"operationType":"UPDATE_FUNCTION","buildName":"projects/391381086192/locations/europe-west1/builds/08835d9d-f8ff-4fd0-8c65-b38ce2c36318"},"done":false}
